2025-07-17 13:34:19,097 [INFO] Activator:176 - 


2025-07-17 13:34:19,097 [INFO] Activator:177 - !SESSION log4j initialized
2025-07-17 13:34:21,746 [INFO] LogOutputStream:77 - [STDOUT_REDIRECT] 
2025-07-17 13:34:24,136 [INFO] ApplicationProperties:184 - Using Application install path: C:\ST\STM32CubeIDE_1.19.0\STM32CubeIDE\plugins\com.st.stm32cube.common.mx_6.15.0.202507011659
2025-07-17 13:34:24,148 [INFO] DbMcusXml:78 - Set database path to: C:\ST\STM32CubeIDE_1.19.0\STM32CubeIDE\plugins\com.st.stm32cube.common.mx_6.15.0.202507011659\\db\/mcu/
2025-07-17 13:34:24,148 [INFO] ApiDb:274 - Set plugin database path to: C:\ST\STM32CubeIDE_1.19.0\STM32CubeIDE\plugins\com.st.stm32cube.common.mx_6.15.0.202507011659\\db\/plugins/boardmanager/
2025-07-17 13:34:24,148 [WARN] ApiDb:259 - Overriding images path with different value:  => C:\ST\STM32CubeIDE_1.19.0\STM32CubeIDE\plugins\com.st.stm32cube.common.mx_6.15.0.202507011659\\db\/plugins/mcufinder/images/
2025-07-17 13:34:24,152 [INFO] ApiDb:250 - Set database path to: C:\Users\dtd13\.stmcufinder\plugins\mcufinder//mcu/
2025-07-17 13:34:24,153 [INFO] DbMcusAds:125 - Set database path to: C:\Users\dtd13\.stmcufinder\plugins\mcufinder//mcu/
2025-07-17 13:34:24,155 [INFO] CrossReferenceDbSqlite:203 - Set database path to: C:\Users\dtd13\.stmcufinder\plugins\mcufinder//mcu/cs/
2025-07-17 13:34:24,271 [INFO] RulesReader:64 - Compatibility file has been processed (317 Rules)
2025-07-17 13:34:24,337 [INFO] DbMcusXml:78 - Set database path to: C:\ST\STM32CubeIDE_1.19.0\STM32CubeIDE\plugins\com.st.stm32cube.common.mx_6.15.0.202507011659\\db\/mcu/
2025-07-17 13:34:24,337 [INFO] ApiDb:274 - Set plugin database path to: C:\ST\STM32CubeIDE_1.19.0\STM32CubeIDE\plugins\com.st.stm32cube.common.mx_6.15.0.202507011659\\db\/plugins/boardmanager/
2025-07-17 13:34:24,337 [INFO] ApiDb:261 - Set plugin images path to: C:\ST\STM32CubeIDE_1.19.0\STM32CubeIDE\plugins\com.st.stm32cube.common.mx_6.15.0.202507011659\\db\/plugins/mcufinder/images/
2025-07-17 13:34:24,337 [WARN] DbFile:41 - Overriding database path with different value: C:\Users\dtd13\.stmcufinder\plugins\mcufinder/ => C:\Users\dtd13\.stmcufinder\plugins\mcufinder
2025-07-17 13:34:24,337 [INFO] ApiDb:250 - Set database path to: C:\Users\dtd13\.stmcufinder\plugins\mcufinder//mcu/
2025-07-17 13:34:24,337 [WARN] DbFile:41 - Overriding database path with different value: C:\Users\dtd13\.stmcufinder\plugins\mcufinder/ => C:\Users\dtd13\.stmcufinder\plugins\mcufinder
2025-07-17 13:34:24,337 [INFO] DbMcusAds:125 - Set database path to: C:\Users\dtd13\.stmcufinder\plugins\mcufinder//mcu/
2025-07-17 13:34:24,337 [WARN] DbFile:41 - Overriding database path with different value: C:\Users\dtd13\.stmcufinder\plugins\mcufinder/ => C:\Users\dtd13\.stmcufinder\plugins\mcufinder
2025-07-17 13:34:24,337 [WARN] DbFile:41 - Overriding database path with different value: C:\Users\dtd13\.stmcufinder\plugins\mcufinder/ => C:\Users\dtd13\.stmcufinder\plugins\mcufinder
2025-07-17 13:34:24,337 [INFO] CrossReferenceDbSqlite:203 - Set database path to: C:\Users\dtd13\.stmcufinder\plugins\mcufinder//mcu/cs/
2025-07-17 13:34:24,419 [INFO] MainPanel:274 - HeapMemory: 268435456
2025-07-17 13:34:24,498 [INFO] DbMcusXml:78 - Set database path to: C:\ST\STM32CubeIDE_1.19.0\STM32CubeIDE\plugins\com.st.stm32cube.common.mx_6.15.0.202507011659\\db\/mcu/
2025-07-17 13:34:24,499 [INFO] ApiDb:274 - Set plugin database path to: C:\ST\STM32CubeIDE_1.19.0\STM32CubeIDE\plugins\com.st.stm32cube.common.mx_6.15.0.202507011659\\db\/plugins/boardmanager/
2025-07-17 13:34:24,499 [INFO] ApiDb:261 - Set plugin images path to: C:\ST\STM32CubeIDE_1.19.0\STM32CubeIDE\plugins\com.st.stm32cube.common.mx_6.15.0.202507011659\\db\/plugins/mcufinder/images/
2025-07-17 13:34:24,499 [WARN] DbFile:41 - Overriding database path with different value: C:\Users\dtd13\.stmcufinder\plugins\mcufinder/ => C:\Users\dtd13\.stmcufinder\plugins\mcufinder
2025-07-17 13:34:24,499 [INFO] ApiDb:250 - Set database path to: C:\Users\dtd13\.stmcufinder\plugins\mcufinder//mcu/
2025-07-17 13:34:24,499 [WARN] DbFile:41 - Overriding database path with different value: C:\Users\dtd13\.stmcufinder\plugins\mcufinder/ => C:\Users\dtd13\.stmcufinder\plugins\mcufinder
2025-07-17 13:34:24,499 [INFO] DbMcusAds:125 - Set database path to: C:\Users\dtd13\.stmcufinder\plugins\mcufinder//mcu/
2025-07-17 13:34:24,499 [WARN] DbFile:41 - Overriding database path with different value: C:\Users\dtd13\.stmcufinder\plugins\mcufinder/ => C:\Users\dtd13\.stmcufinder\plugins\mcufinder
2025-07-17 13:34:24,499 [WARN] DbFile:41 - Overriding database path with different value: C:\Users\dtd13\.stmcufinder\plugins\mcufinder/ => C:\Users\dtd13\.stmcufinder\plugins\mcufinder
2025-07-17 13:34:24,500 [INFO] CrossReferenceDbSqlite:203 - Set database path to: C:\Users\dtd13\.stmcufinder\plugins\mcufinder//mcu/cs/
2025-07-17 13:34:24,513 [INFO] ApplicationProperties:184 - Using Application install path: C:\ST\STM32CubeIDE_1.19.0\STM32CubeIDE\plugins\com.st.stm32cube.common.mx_6.15.0.202507011659
2025-07-17 13:34:24,515 [INFO] PluginManage:196 - Search for loadable plugins [exclusion list=, ]
2025-07-17 13:34:24,515 [INFO] PluginManage:310 - Check plugin analytics
2025-07-17 13:34:24,662 [INFO] AnalyticsPlugin:253 - Accepted Software Licenses: 
2025-07-17 13:34:24,663 [INFO] AnalyticsPlugin:255 - Accepted CMSIS Pack Licenses: 
2025-07-17 13:34:24,663 [INFO] AnalyticsPlugin:257 - Accepted Firmware Licenses: 
2025-07-17 13:34:24,665 [INFO] PluginManage:359 - Loaded plugin analytics (category:tool,tabindex:-1)
2025-07-17 13:34:24,665 [INFO] PluginManage:310 - Check plugin cadmodel
2025-07-17 13:34:24,669 [INFO] CADModel:105 - Init CAD model plugin
2025-07-17 13:34:24,669 [INFO] PluginManage:359 - Loaded plugin cadmodel (category:power,tabindex:5)
2025-07-17 13:34:24,669 [INFO] PluginManage:310 - Check plugin clock
2025-07-17 13:34:24,677 [INFO] PluginManage:359 - Loaded plugin clock (category:base,tabindex:2)
2025-07-17 13:34:24,677 [INFO] PluginManage:310 - Check plugin ddr
2025-07-17 13:34:24,679 [INFO] PluginManage:359 - Loaded plugin ddr (category:tool,tabindex:6)
2025-07-17 13:34:24,679 [INFO] PluginManage:310 - Check plugin filemanager
2025-07-17 13:34:24,856 [INFO] PluginManage:359 - Loaded plugin filemanager (category:base,tabindex:10)
2025-07-17 13:34:24,856 [INFO] PluginManage:310 - Check plugin ipmanager
2025-07-17 13:34:24,862 [INFO] PluginManage:359 - Loaded plugin ipmanager (category:base,tabindex:5)
2025-07-17 13:34:24,862 [INFO] PluginManage:310 - Check plugin lpbam
2025-07-17 13:34:24,869 [INFO] PluginManage:359 - Loaded plugin lpbam (category:base,tabindex:0)
2025-07-17 13:34:24,869 [INFO] PluginManage:310 - Check plugin memorymap
2025-07-17 13:34:24,878 [INFO] PluginManage:359 - Loaded plugin memorymap (category:base,tabindex:4)
2025-07-17 13:34:24,878 [INFO] PluginManage:310 - Check plugin pinoutandconfiguration
2025-07-17 13:34:24,884 [INFO] PluginManage:359 - Loaded plugin pinoutandconfiguration (category:base,tabindex:1)
2025-07-17 13:34:24,884 [INFO] PluginManage:310 - Check plugin pinoutconfig
2025-07-17 13:34:24,955 [WARN] SupportedApi:132 - Cannot load RTOS API schema: s4s-elt-must-match.1: The content of 'definitions' must match (annotation?, (simpleType | complexType)?, (unique | key | keyref)*)). A problem was found starting at: attribute.
2025-07-17 13:34:25,068 [INFO] PluginManage:359 - Loaded plugin pinoutconfig (category:base,tabindex:0)
2025-07-17 13:34:25,068 [INFO] PluginManage:310 - Check plugin power
2025-07-17 13:34:25,074 [INFO] PluginManage:359 - Loaded plugin power (category:power,tabindex:4)
2025-07-17 13:34:25,074 [INFO] PluginManage:310 - Check plugin projectmanager
2025-07-17 13:34:25,088 [INFO] PluginManage:359 - Loaded plugin projectmanager (category:projectmanager,tabindex:4)
2025-07-17 13:34:25,088 [INFO] PluginManage:310 - Check plugin rif
2025-07-17 13:34:25,095 [INFO] PluginManage:359 - Loaded plugin rif (category:base,tabindex:3)
2025-07-17 13:34:25,095 [INFO] PluginManage:310 - Check plugin thirdparty
2025-07-17 13:34:25,204 [INFO] PluginManage:359 - Loaded plugin thirdparty (category:base,tabindex:-1)
2025-07-17 13:34:25,205 [INFO] PluginManage:310 - Check plugin tools
2025-07-17 13:34:25,204 [WARN] IntegrityCheckThread:84 - waiting for thirdparty lock release [integrity check]
2025-07-17 13:34:25,205 [INFO] IntegrityCheckThread:86 - entering critical section [integrity check]
2025-07-17 13:34:25,205 [INFO] ThirdPartyUpdaterWithRetryManager:70 - Updater plugin not ready yet. [1/15]
2025-07-17 13:34:25,207 [INFO] PluginManage:359 - Loaded plugin tools (category:base,tabindex:7)
2025-07-17 13:34:25,208 [INFO] PluginManage:310 - Check plugin tutovideos
2025-07-17 13:34:25,411 [INFO] PluginManage:359 - Loaded plugin tutovideos (category:base,tabindex:-1)
2025-07-17 13:34:25,411 [INFO] PluginManage:310 - Check plugin updater
2025-07-17 13:34:25,442 [INFO] PluginManage:359 - Loaded plugin updater (category:base,tabindex:12)
2025-07-17 13:34:25,442 [INFO] PluginManage:310 - Check plugin userauth
2025-07-17 13:34:25,446 [INFO] UserAuth:118 - Init User Auth plugin
2025-07-17 13:34:25,447 [INFO] PluginManage:359 - Loaded plugin userauth (category:base,tabindex:14)
2025-07-17 13:34:25,449 [INFO] PluginManage:283 - PluginManage : Loaded plugins [18]
2025-07-17 13:34:25,676 [INFO] PinOutPanel:1589 - setPackage(No Configuration,No Configuration)
2025-07-17 13:34:25,756 [INFO] CADModel:165 - CPN selected for project level
2025-07-17 13:34:25,756 [INFO] CADModel:114 - Register for checkConnection events
2025-07-17 13:34:25,772 [INFO] IPUIPlugin:80 - create IPUIPlugin
2025-07-17 13:34:25,772 [INFO] PluginManager:220 - loadIPPluginJar : add adc
2025-07-17 13:34:25,775 [INFO] IPUIPlugin:80 - create IPUIPlugin
2025-07-17 13:34:25,775 [INFO] PluginManager:220 - loadIPPluginJar : add aes
2025-07-17 13:34:25,778 [INFO] IPUIPlugin:80 - create IPUIPlugin
2025-07-17 13:34:25,778 [INFO] PluginManager:220 - loadIPPluginJar : add can
2025-07-17 13:34:25,780 [INFO] IPUIPlugin:80 - create IPUIPlugin
2025-07-17 13:34:25,780 [INFO] PluginManager:220 - loadIPPluginJar : add comp
2025-07-17 13:34:25,783 [INFO] IPUIPlugin:80 - create IPUIPlugin
2025-07-17 13:34:25,783 [INFO] PluginManager:220 - loadIPPluginJar : add cryp
2025-07-17 13:34:25,785 [INFO] IPUIPlugin:80 - create IPUIPlugin
2025-07-17 13:34:25,786 [INFO] PluginManager:220 - loadIPPluginJar : add ddr_ctrl_phy
2025-07-17 13:34:25,788 [INFO] IPUIPlugin:80 - create IPUIPlugin
2025-07-17 13:34:25,788 [INFO] PluginManager:220 - loadIPPluginJar : add dfsdm
2025-07-17 13:34:25,792 [INFO] IPUIPlugin:80 - create IPUIPlugin
2025-07-17 13:34:25,793 [INFO] PluginManager:220 - loadIPPluginJar : add dma
2025-07-17 13:34:25,795 [INFO] IPUIPlugin:80 - create IPUIPlugin
2025-07-17 13:34:25,795 [INFO] PluginManager:220 - loadIPPluginJar : add dma3
2025-07-17 13:34:25,798 [INFO] IPUIPlugin:80 - create IPUIPlugin
2025-07-17 13:34:25,798 [INFO] PluginManager:220 - loadIPPluginJar : add extmemmanager
2025-07-17 13:34:25,799 [INFO] IPUIPlugin:80 - create IPUIPlugin
2025-07-17 13:34:25,800 [INFO] PluginManager:220 - loadIPPluginJar : add fatfs
2025-07-17 13:34:25,805 [INFO] IPUIPlugin:80 - create IPUIPlugin
2025-07-17 13:34:25,805 [INFO] PluginManager:220 - loadIPPluginJar : add fmc
2025-07-17 13:34:25,809 [INFO] IPUIPlugin:80 - create IPUIPlugin
2025-07-17 13:34:25,809 [INFO] PluginManager:220 - loadIPPluginJar : add freertos
2025-07-17 13:34:25,811 [INFO] IPUIPlugin:80 - create IPUIPlugin
2025-07-17 13:34:25,811 [INFO] PluginManager:220 - loadIPPluginJar : add genericplugin
2025-07-17 13:34:25,813 [INFO] IPUIPlugin:80 - create IPUIPlugin
2025-07-17 13:34:25,813 [INFO] PluginManager:220 - loadIPPluginJar : add gfxmmu
2025-07-17 13:34:25,817 [INFO] IPUIPlugin:80 - create IPUIPlugin
2025-07-17 13:34:25,818 [INFO] PluginManager:220 - loadIPPluginJar : add gic
2025-07-17 13:34:25,821 [INFO] IPUIPlugin:80 - create IPUIPlugin
2025-07-17 13:34:25,822 [INFO] PluginManager:220 - loadIPPluginJar : add gpio
2025-07-17 13:34:25,824 [INFO] IPUIPlugin:80 - create IPUIPlugin
2025-07-17 13:34:25,824 [INFO] PluginManager:220 - loadIPPluginJar : add gtzc
2025-07-17 13:34:25,826 [INFO] IPUIPlugin:80 - create IPUIPlugin
2025-07-17 13:34:25,826 [INFO] PluginManager:220 - loadIPPluginJar : add hash
2025-07-17 13:34:25,828 [INFO] IPUIPlugin:80 - create IPUIPlugin
2025-07-17 13:34:25,828 [INFO] PluginManager:220 - loadIPPluginJar : add i2c
2025-07-17 13:34:25,830 [INFO] IPUIPlugin:80 - create IPUIPlugin
2025-07-17 13:34:25,831 [INFO] PluginManager:220 - loadIPPluginJar : add i2s
2025-07-17 13:34:25,833 [INFO] IPUIPlugin:80 - create IPUIPlugin
2025-07-17 13:34:25,834 [INFO] PluginManager:220 - loadIPPluginJar : add i3c
2025-07-17 13:34:25,837 [INFO] IPUIPlugin:80 - create IPUIPlugin
2025-07-17 13:34:25,837 [INFO] PluginManager:220 - loadIPPluginJar : add ipddr
2025-07-17 13:34:25,843 [INFO] IPUIPlugin:80 - create IPUIPlugin
2025-07-17 13:34:25,843 [INFO] PluginManager:220 - loadIPPluginJar : add linkedlist
2025-07-17 13:34:25,845 [INFO] IPUIPlugin:80 - create IPUIPlugin
2025-07-17 13:34:25,845 [INFO] PluginManager:220 - loadIPPluginJar : add lorawan
2025-07-17 13:34:25,847 [INFO] IPUIPlugin:80 - create IPUIPlugin
2025-07-17 13:34:25,847 [INFO] PluginManager:220 - loadIPPluginJar : add ltdc
2025-07-17 13:34:25,852 [INFO] IPUIPlugin:80 - create IPUIPlugin
2025-07-17 13:34:25,852 [INFO] PluginManager:220 - loadIPPluginJar : add mdma
2025-07-17 13:34:25,855 [INFO] IPUIPlugin:80 - create IPUIPlugin
2025-07-17 13:34:25,855 [INFO] PluginManager:220 - loadIPPluginJar : add nvic
2025-07-17 13:34:25,858 [INFO] IPUIPlugin:80 - create IPUIPlugin
2025-07-17 13:34:25,858 [INFO] PluginManager:220 - loadIPPluginJar : add opamp
2025-07-17 13:34:25,861 [INFO] IPUIPlugin:80 - create IPUIPlugin
2025-07-17 13:34:25,862 [INFO] PluginManager:220 - loadIPPluginJar : add openamp
2025-07-17 13:34:25,864 [INFO] IPUIPlugin:80 - create IPUIPlugin
2025-07-17 13:34:25,864 [INFO] PluginManager:220 - loadIPPluginJar : add pdm2pcm
2025-07-17 13:34:25,870 [INFO] IPUIPlugin:80 - create IPUIPlugin
2025-07-17 13:34:25,872 [INFO] PluginManager:220 - loadIPPluginJar : add plateformsettings
2025-07-17 13:34:25,873 [INFO] IPUIPlugin:80 - create IPUIPlugin
2025-07-17 13:34:25,874 [INFO] PluginManager:220 - loadIPPluginJar : add quadspi
2025-07-17 13:34:25,876 [INFO] IPUIPlugin:80 - create IPUIPlugin
2025-07-17 13:34:25,877 [INFO] PluginManager:220 - loadIPPluginJar : add radio
2025-07-17 13:34:25,879 [INFO] IPUIPlugin:80 - create IPUIPlugin
2025-07-17 13:34:25,879 [INFO] PluginManager:220 - loadIPPluginJar : add resmgrutility
2025-07-17 13:34:25,882 [INFO] IPUIPlugin:80 - create IPUIPlugin
2025-07-17 13:34:25,882 [INFO] PluginManager:220 - loadIPPluginJar : add sai
2025-07-17 13:34:25,884 [INFO] IPUIPlugin:80 - create IPUIPlugin
2025-07-17 13:34:25,885 [INFO] PluginManager:220 - loadIPPluginJar : add spi
2025-07-17 13:34:25,890 [INFO] IPUIPlugin:80 - create IPUIPlugin
2025-07-17 13:34:25,890 [INFO] PluginManager:220 - loadIPPluginJar : add stm32_wpan
2025-07-17 13:34:25,891 [INFO] IPUIPlugin:80 - create IPUIPlugin
2025-07-17 13:34:25,891 [INFO] PluginManager:220 - loadIPPluginJar : add tim
2025-07-17 13:34:25,894 [INFO] IPUIPlugin:80 - create IPUIPlugin
2025-07-17 13:34:25,894 [INFO] PluginManager:220 - loadIPPluginJar : add touchsensing
2025-07-17 13:34:25,896 [INFO] IPUIPlugin:80 - create IPUIPlugin
2025-07-17 13:34:25,896 [INFO] PluginManager:220 - loadIPPluginJar : add tracer_emb
2025-07-17 13:34:25,897 [INFO] IPUIPlugin:80 - create IPUIPlugin
2025-07-17 13:34:25,897 [INFO] PluginManager:220 - loadIPPluginJar : add ts
2025-07-17 13:34:25,899 [INFO] IPUIPlugin:80 - create IPUIPlugin
2025-07-17 13:34:25,899 [INFO] PluginManager:220 - loadIPPluginJar : add tsc
2025-07-17 13:34:25,901 [INFO] IPUIPlugin:80 - create IPUIPlugin
2025-07-17 13:34:25,901 [INFO] PluginManager:220 - loadIPPluginJar : add ucpd
2025-07-17 13:34:25,903 [INFO] IPUIPlugin:80 - create IPUIPlugin
2025-07-17 13:34:25,903 [INFO] PluginManager:220 - loadIPPluginJar : add usart
2025-07-17 13:34:25,906 [INFO] IPUIPlugin:80 - create IPUIPlugin
2025-07-17 13:34:25,906 [INFO] PluginManager:220 - loadIPPluginJar : add usbx
2025-07-17 13:34:26,033 [FATAL] Updater:351 - Updater called before beeing initialized
2025-07-17 13:34:26,061 [INFO] RulesReader:64 - Compatibility file has been processed (317 Rules)
2025-07-17 13:34:26,073 [INFO] RulesReader:64 - Compatibility file has been processed (317 Rules)
2025-07-17 13:34:26,081 [INFO] CADModel:165 - CPN selected for project level
2025-07-17 13:34:26,081 [INFO] CADModel:114 - Register for checkConnection events
2025-07-17 13:34:26,082 [FATAL] Updater:351 - Updater called before beeing initialized
2025-07-17 13:34:26,082 [ERROR] CADModel:125 - Updater not yet initialized, retry later 
2025-07-17 13:34:26,198 [FATAL] Updater:351 - Updater called before beeing initialized
2025-07-17 13:34:26,199 [INFO] CADModel:165 - CPN selected for project level
2025-07-17 13:34:26,199 [INFO] CADModel:114 - Register for checkConnection events
2025-07-17 13:34:26,200 [FATAL] Updater:351 - Updater called before beeing initialized
2025-07-17 13:34:26,200 [ERROR] CADModel:125 - Updater not yet initialized, retry later 
2025-07-17 13:34:26,203 [FATAL] Updater:351 - Updater called before beeing initialized
2025-07-17 13:34:26,342 [FATAL] Updater:351 - Updater called before beeing initialized
2025-07-17 13:34:26,346 [INFO] DbMcusAds:53 - JSON generation date=Tue Jul 08 15:14:23 ICT 2025 (1751962463582)
2025-07-17 13:34:26,346 [FATAL] Updater:351 - Updater called before beeing initialized
2025-07-17 13:34:26,377 [WARN] DetailPanel:346 - Failed to get advertising image, set to default
2025-07-17 13:34:26,465 [FATAL] Updater:351 - Updater called before beeing initialized
2025-07-17 13:34:26,466 [FATAL] Updater:351 - Updater called before beeing initialized
2025-07-17 13:34:26,467 [FATAL] Updater:351 - Updater called before beeing initialized
2025-07-17 13:34:26,467 [WARN] DetailPanel:346 - Failed to get advertising image, set to default
2025-07-17 13:34:26,468 [FATAL] Updater:351 - Updater called before beeing initialized
2025-07-17 13:34:26,513 [ERROR] Updater:1198 - MainUpdater not yet initialized. External WinMGr cannot be set.
2025-07-17 13:34:26,515 [INFO] Updater:1134 - Updater Version found : 6.15.0
2025-07-17 13:34:26,530 [INFO] ApplicationProperties:184 - Using Application install path: C:\ST\STM32CubeIDE_1.19.0\STM32CubeIDE\plugins\com.st.stm32cube.common.mx_6.15.0.202507011659
2025-07-17 13:34:28,098 [ERROR] LogOutputStream:75 - [STDERR_REDIRECT] Jul 17, 2025 1:34:28 PM java.util.prefs.WindowsPreferences <init>
2025-07-17 13:34:28,099 [ERROR] LogOutputStream:75 - [STDERR_REDIRECT] WARNING: Could not open/create prefs root node Software\JavaSoft\Prefs at root 0xffffffff80000002. Windows RegCreateKeyEx(...) returned error code 5.
2025-07-17 13:34:28,099 [ERROR] LogOutputStream:75 - [STDERR_REDIRECT] 
2025-07-17 13:34:28,208 [INFO] ThirdPartyUpdaterWithRetryManager:70 - Updater plugin not ready yet. [2/15]
2025-07-17 13:34:28,563 [INFO] MainUpdater:2872 - connection check result : 10
2025-07-17 13:34:28,563 [INFO] MainUpdater:289 - Updater Check For Update Now.
2025-07-17 13:34:28,563 [INFO] MicroXplorer:498 - Change Database Version : DB.6.0.150
2025-07-17 13:34:28,568 [INFO] McuFinderGlobals:63 - Set McuFinder mode to 2 (CubeIDE integrated)
2025-07-17 13:34:28,568 [INFO] UserAuth:487 - Internet connection configuration mode: 1
2025-07-17 13:34:28,588 [INFO] JxBrowserEngine:152 - Initiate JxBrowser Engine with user profile folder
2025-07-17 13:34:28,739 [INFO] CheckServerUpdateThread:120 - End of CheckServer Thread
2025-07-17 13:34:29,297 [INFO] WebApp:169 - Instantiating new browser for Auth
2025-07-17 13:34:30,096 [INFO] WebApp:463 - Apply proxy settings
2025-07-17 13:34:30,097 [INFO] WebApp:548 - Chromium requires no authentication
2025-07-17 13:34:30,107 [INFO] WebApp:491 - Direct internet connection detected
2025-07-17 13:34:30,139 [INFO] WebApp:900 - Register for checkConnection events
2025-07-17 13:34:30,139 [INFO] WebApp:463 - Apply proxy settings
2025-07-17 13:34:30,139 [INFO] WebApp:548 - Chromium requires no authentication
2025-07-17 13:34:30,140 [INFO] WebApp:491 - Direct internet connection detected
2025-07-17 13:34:30,293 [INFO] WebApp:225 - Starting web application
2025-07-17 13:34:30,293 [INFO] WebApp:593 - Web application path used C:\ST\STM32CubeIDE_1.19.0\STM32CubeIDE\plugins\com.st.stm32cube.common.mx_6.15.0.202507011659\db\plugins\mcufinder\reactClient1\index.html
2025-07-17 13:34:30,557 [INFO] WebApp:191 - Connection restablished
2025-07-17 13:34:30,583 [INFO] UserAuth:487 - Internet connection configuration mode: 1
2025-07-17 13:34:31,605 [WARN] PackLoader:240 - Cannot read IP mode file for STMicroelectronics.FP-SNS-MOTENVWB1.1.4.0
2025-07-17 13:34:31,619 [WARN] PackLoader:240 - Cannot read IP mode file for STMicroelectronics.FP-ATR-ASTRA1.2.0.2
2025-07-17 13:34:31,632 [WARN] PackLoader:240 - Cannot read IP mode file for STMicroelectronics.X-CUBE-SMBUS.2.1.0
2025-07-17 13:34:31,640 [WARN] PackLoader:240 - Cannot read IP mode file for STMicroelectronics.X-CUBE-ST60.1.0.0
2025-07-17 13:34:31,711 [WARN] PackLoader:240 - Cannot read IP mode file for STMicroelectronics.X-CUBE-AZRTOS-F7.1.1.0
2025-07-17 13:34:31,767 [WARN] PackLoader:240 - Cannot read IP mode file for Infineon.AIROC-Wi-Fi-Bluetooth-STM32.1.7.1
2025-07-17 13:34:31,822 [WARN] PackLoader:240 - Cannot read IP mode file for STMicroelectronics.X-CUBE-AZRTOS-H7.3.4.0
2025-07-17 13:34:31,839 [WARN] PackLoader:240 - Cannot read IP mode file for STMicroelectronics.X-CUBE-DISPLAY.3.0.0
2025-07-17 13:34:31,859 [WARN] PackLoader:240 - Cannot read IP mode file for STMicroelectronics.X-CUBE-NFC10.1.0.0
2025-07-17 13:34:31,880 [WARN] PackLoader:240 - Cannot read IP mode file for STMicroelectronics.X-CUBE-BLEMGR.4.0.0
2025-07-17 13:34:31,903 [WARN] PackLoader:240 - Cannot read IP mode file for emotas.I-CUBE-CANOPEN.1.3.0
2025-07-17 13:34:31,911 [WARN] ConditionMgr:438 - getConditionDescription Invalid condition id : Cortex-A Device cause : null
2025-07-17 13:34:31,930 [WARN] ConditionMgr:1044 - genDependencies : Invalid condition id : Cortex-A Device cause : null
2025-07-17 13:34:31,930 [WARN] ConditionMgr:1044 - genDependencies : Invalid condition id : Cortex-A Device cause : null
2025-07-17 13:34:31,930 [WARN] ConditionMgr:1044 - genDependencies : Invalid condition id : Cortex-A Device cause : null
2025-07-17 13:34:31,936 [WARN] PackLoader:240 - Cannot read IP mode file for STMicroelectronics.FP-SNS-SMARTAG2.1.2.0
2025-07-17 13:34:31,942 [WARN] PackLoader:240 - Cannot read IP mode file for STMicroelectronics.FP-SNS-FLIGHT1.5.1.0
2025-07-17 13:34:31,956 [INFO] LogOutputStream:77 - [STDOUT_REDIRECT] 1 : Invalid condition id : UX_CORESTACK_Condition cause : null
2025-07-17 13:34:31,956 [INFO] LogOutputStream:77 - [STDOUT_REDIRECT] 1 : Invalid condition id : UX_CORESTACK_Condition cause : null
2025-07-17 13:34:31,958 [INFO] LogOutputStream:77 - [STDOUT_REDIRECT] 1 : Invalid condition id : UX_CORESTACK_Condition cause : null
2025-07-17 13:34:31,960 [INFO] LogOutputStream:77 - [STDOUT_REDIRECT] 1 : Invalid condition id : UX_CORESTACK_Condition cause : null
2025-07-17 13:34:31,962 [INFO] LogOutputStream:77 - [STDOUT_REDIRECT] 1 : Invalid condition id : UX_CORESTACK_Condition cause : null
2025-07-17 13:34:31,968 [WARN] PackLoader:240 - Cannot read IP mode file for STMicroelectronics.X-CUBE-AZRTOS-WL.2.0.0
2025-07-17 13:34:31,977 [WARN] PackLoader:240 - Cannot read IP mode file for STMicroelectronics.FP-SNS-MOTENV1.5.0.0
2025-07-17 13:34:31,988 [WARN] PackLoader:240 - Cannot read IP mode file for WES.I-CUBE-Cesium.1.3.0
2025-07-17 13:34:31,995 [WARN] PackLoader:240 - Cannot read IP mode file for STMicroelectronics.X-CUBE-BLE2.3.3.0
2025-07-17 13:34:32,006 [WARN] PackLoader:240 - Cannot read IP mode file for STMicroelectronics.X-CUBE-NFC9.1.0.0
2025-07-17 13:34:32,014 [WARN] PackLoader:240 - Cannot read IP mode file for wolfSSL.I-CUBE-wolfSSL.5.8.0
2025-07-17 13:34:32,020 [WARN] PackLoader:240 - Cannot read IP mode file for STMicroelectronics.X-CUBE-BLE1.7.1.0
2025-07-17 13:34:32,024 [WARN] PackLoader:240 - Cannot read IP mode file for wolfSSL.I-CUBE-wolfMQTT.1.19.2
2025-07-17 13:34:32,031 [WARN] PackLoader:240 - Cannot read IP mode file for STMicroelectronics.X-CUBE-EEPRMA1.5.2.0
2025-07-17 13:34:32,040 [WARN] PackLoader:240 - Cannot read IP mode file for STMicroelectronics.X-CUBE-AI.10.1.0
2025-07-17 13:34:32,075 [WARN] PackLoader:240 - Cannot read IP mode file for STMicroelectronics.X-CUBE-AZRTOS-G0.1.1.0
2025-07-17 13:34:32,084 [WARN] PackLoader:240 - Cannot read IP mode file for STMicroelectronics.X-CUBE-SAFEA1.1.2.2
2025-07-17 13:34:32,091 [WARN] PackLoader:240 - Cannot read IP mode file for STMicroelectronics.X-CUBE-NFC4.3.0.0
2025-07-17 13:34:32,103 [WARN] PackLoader:240 - Cannot read IP mode file for EmbeddedOffice.I-CUBE-FS-RTOS.1.0.1
2025-07-17 13:34:32,110 [WARN] PackLoader:240 - Cannot read IP mode file for STMicroelectronics.X-CUBE-WB05N.2.0.0
2025-07-17 13:34:32,114 [WARN] PackLoader:240 - Cannot read IP mode file for wolfSSL.I-CUBE-wolfTPM.3.8.0
2025-07-17 13:34:32,121 [WARN] PackLoader:240 - Cannot read IP mode file for STMicroelectronics.X-CUBE-TCPP.4.2.0
2025-07-17 13:34:32,126 [WARN] PackLoader:240 - Cannot read IP mode file for RealThread.X-CUBE-RT-Thread_Nano.4.1.1
2025-07-17 13:34:32,130 [WARN] PackLoader:240 - Cannot read IP mode file for STMicroelectronics.FP-ATR-SIGFOX1.3.2.0
2025-07-17 13:34:32,135 [WARN] PackLoader:240 - Cannot read IP mode file for ITTIA_DB.I-CUBE-ITTIADB.8.9.0
2025-07-17 13:34:32,142 [WARN] PackLoader:240 - Cannot read IP mode file for STMicroelectronics.X-CUBE-ST67W61.1.0.0
2025-07-17 13:34:32,169 [WARN] PackLoader:240 - Cannot read IP mode file for SEGGER.I-CUBE-embOS.1.3.1
2025-07-17 13:34:32,210 [WARN] PackLoader:240 - Cannot read IP mode file for STMicroelectronics.X-CUBE-ALGOBUILD.1.4.0
2025-07-17 13:34:32,257 [WARN] PackLoader:240 - Cannot read IP mode file for STMicroelectronics.X-CUBE-MEMS1.11.3.0
2025-07-17 13:34:32,404 [WARN] PackLoader:240 - Cannot read IP mode file for STMicroelectronics.X-CUBE-PM33A1.1.0.0
2025-07-17 13:34:32,446 [WARN] PackLoader:240 - Cannot read IP mode file for STMicroelectronics.X-CUBE-AZRTOS-F4.1.1.0
2025-07-17 13:34:32,456 [WARN] PackLoader:240 - Cannot read IP mode file for STMicroelectronics.X-CUBE-ISPU.2.1.0
2025-07-17 13:34:32,465 [WARN] PackLoader:240 - Cannot read IP mode file for STMicroelectronics.X-CUBE-NFC12.1.0.0
2025-07-17 13:34:32,490 [WARN] PackLoader:240 - Cannot read IP mode file for STMicroelectronics.X-CUBE-AZRTOS-L5.2.0.0
2025-07-17 13:34:32,501 [WARN] PackLoader:240 - Cannot read IP mode file for STMicroelectronics.X-CUBE-NFC6.3.1.0
2025-07-17 13:34:32,509 [WARN] PackLoader:240 - Cannot read IP mode file for STMicroelectronics.X-CUBE-FREERTOS.1.3.1
2025-07-17 13:34:32,514 [WARN] PackLoader:240 - Cannot read IP mode file for STMicroelectronics.FP-SNS-STAIOTCFT.1.0.0
2025-07-17 13:34:32,521 [WARN] PackLoader:240 - Cannot read IP mode file for STMicroelectronics.X-CUBE-DPower.1.3.0
2025-07-17 13:34:32,552 [WARN] ConditionMgr:438 - getConditionDescription Invalid condition id : LAN8742 Phy interface Condition cause : null
2025-07-17 13:34:32,552 [WARN] PackLoader:240 - Cannot read IP mode file for STMicroelectronics.X-CUBE-AZRTOS-L4.2.0.0
2025-07-17 13:34:32,554 [WARN] ConditionMgr:1044 - genDependencies : Invalid condition id : LAN8742 Phy interface Condition cause : null
2025-07-17 13:34:32,554 [WARN] ConditionMgr:1044 - genDependencies : Invalid condition id : LAN8742 Phy interface Condition cause : null
2025-07-17 13:34:32,555 [WARN] ConditionMgr:1044 - genDependencies : Invalid condition id : LAN8742 Phy interface Condition cause : null
2025-07-17 13:34:32,562 [WARN] PackLoader:240 - Cannot read IP mode file for STMicroelectronics.X-CUBE-SFXS2LP1.4.0.0
2025-07-17 13:34:32,577 [WARN] ConditionMgr:438 - getConditionDescription Invalid condition id : UX DEVICE CLASS RTOS Condition cause : null
2025-07-17 13:34:32,577 [WARN] ConditionMgr:438 - getConditionDescription Invalid condition id : UX DEVICE CLASS RTOS Condition cause : null
2025-07-17 13:34:32,578 [WARN] PackLoader:240 - Cannot read IP mode file for STMicroelectronics.X-CUBE-AZRTOS-WB.2.0.0
2025-07-17 13:34:32,579 [WARN] ConditionMgr:1044 - genDependencies : Invalid condition id : UX DEVICE CLASS RTOS Condition cause : null
2025-07-17 13:34:32,579 [WARN] ConditionMgr:1044 - genDependencies : Invalid condition id : UX DEVICE CLASS RTOS Condition cause : null
2025-07-17 13:34:32,579 [WARN] ConditionMgr:1044 - genDependencies : Invalid condition id : UX DEVICE CLASS RTOS Condition cause : null
2025-07-17 13:34:32,579 [WARN] ConditionMgr:1044 - genDependencies : Invalid condition id : UX DEVICE CLASS RTOS Condition cause : null
2025-07-17 13:34:32,579 [WARN] ConditionMgr:1044 - genDependencies : Invalid condition id : UX DEVICE CLASS RTOS Condition cause : null
2025-07-17 13:34:32,584 [WARN] PackLoader:240 - Cannot read IP mode file for STMicroelectronics.X-CUBE-GNSS1.7.0.1
2025-07-17 13:34:32,588 [WARN] PackLoader:240 - Cannot read IP mode file for STMicroelectronics.X-CUBE-TOUCHGFX.4.25.0
2025-07-17 13:34:32,592 [WARN] PackLoader:240 - Cannot read IP mode file for STMicroelectronics.FP-SNS-STBOX1.2.0.0
2025-07-17 13:34:32,607 [WARN] PackLoader:240 - Cannot read IP mode file for STMicroelectronics.X-CUBE-SUBG2.5.0.0
2025-07-17 13:34:32,646 [WARN] PackLoader:240 - Cannot read IP mode file for STMicroelectronics.X-CUBE-AZRTOS-H7RS.1.1.0
2025-07-17 13:34:32,658 [WARN] PackLoader:240 - Cannot read IP mode file for Cesanta.I-CUBE-Mongoose.7.13.0
2025-07-17 13:34:32,673 [WARN] PackLoader:240 - Cannot read IP mode file for STMicroelectronics.X-CUBE-AZRTOS-G4.2.0.0
2025-07-17 13:34:32,678 [WARN] PackLoader:240 - Cannot read IP mode file for wolfSSL.I-CUBE-wolfSSH.1.4.20
2025-07-17 13:34:32,682 [WARN] PackLoader:240 - Cannot read IP mode file for STMicroelectronics.X-CUBE-NFC7.2.0.0
2025-07-17 13:34:32,694 [WARN] PackLoader:240 - Cannot read IP mode file for STMicroelectronics.X-CUBE-IPS.3.1.0
2025-07-17 13:34:32,702 [WARN] PackLoader:240 - Cannot read IP mode file for STMicroelectronics.X-CUBE-ALS.1.0.2
2025-07-17 13:34:32,706 [WARN] PackLoader:240 - Cannot read IP mode file for portGmbH.I-Cube-SoM-uGOAL.1.1.0
2025-07-17 13:34:32,714 [WARN] PackLoader:240 - Cannot read IP mode file for STMicroelectronics.X-CUBE-TOF1.3.4.3
2025-07-17 13:34:32,724 [INFO] ThirdParty:978 - Integrity check success = true
2025-07-17 13:34:32,724 [INFO] IntegrityCheckThread:100 - exiting critical section [integrity check]
2025-07-17 13:34:32,724 [INFO] IntegrityCheckThread:103 - End integrity checks thread
2025-07-17 13:34:42,064 [ERROR] LogOutputStream:75 - [STDERR_REDIRECT] 
